0 info it worked if it ends with ok
1 verbose cli [ '/Users/bennjaminmyers/.nvm/versions/node/v6.11.0/bin/node',
1 verbose cli   '/Users/bennjaminmyers/.nvm/versions/node/v6.11.0/bin/npm',
1 verbose cli   'install',
1 verbose cli   'postgres',
1 verbose cli   '--save' ]
2 info using npm@3.10.10
3 info using node@v6.11.0
4 silly loadCurrentTree Starting
5 silly install loadCurrentTree
6 silly install readLocalPackageData
7 silly fetchPackageMetaData postgres
8 silly fetchNamedPackageData postgres
9 silly mapToRegistry name postgres
10 silly mapToRegistry using default registry
11 silly mapToRegistry registry https://registry.npmjs.org/
12 silly mapToRegistry data Result {
12 silly mapToRegistry   raw: 'postgres',
12 silly mapToRegistry   scope: null,
12 silly mapToRegistry   escapedName: 'postgres',
12 silly mapToRegistry   name: 'postgres',
12 silly mapToRegistry   rawSpec: '',
12 silly mapToRegistry   spec: 'latest',
12 silly mapToRegistry   type: 'tag' }
13 silly mapToRegistry uri https://registry.npmjs.org/postgres
14 verbose request uri https://registry.npmjs.org/postgres
15 verbose request no auth needed
16 info attempt registry request try #1 at 1:22:57 PM
17 verbose request id 612061bf28fbcb30
18 http request GET https://registry.npmjs.org/postgres
19 http 200 https://registry.npmjs.org/postgres
20 verbose headers { server: 'nginx/1.10.1',
20 verbose headers   'content-type': 'application/json',
20 verbose headers   'last-modified': 'Tue, 29 Sep 2009 17:21:33 GMT',
20 verbose headers   etag: 'W/"4ac2421d-304"',
20 verbose headers   'content-encoding': 'gzip',
20 verbose headers   'cache-control': 'max-age=300',
20 verbose headers   'content-length': '417',
20 verbose headers   'accept-ranges': 'bytes',
20 verbose headers   date: 'Fri, 22 Sep 2017 18:22:57 GMT',
20 verbose headers   via: '1.1 varnish',
20 verbose headers   age: '0',
20 verbose headers   connection: 'keep-alive',
20 verbose headers   'x-served-by': 'cache-mdw17334-MDW',
20 verbose headers   'x-cache': 'MISS',
20 verbose headers   'x-cache-hits': '0',
20 verbose headers   'x-timer': 'S1506104578.524852,VS0,VE45',
20 verbose headers   vary: 'Accept-Encoding, Accept' }
21 silly get cb [ 200,
21 silly get   { server: 'nginx/1.10.1',
21 silly get     'content-type': 'application/json',
21 silly get     'last-modified': 'Tue, 29 Sep 2009 17:21:33 GMT',
21 silly get     etag: 'W/"4ac2421d-304"',
21 silly get     'content-encoding': 'gzip',
21 silly get     'cache-control': 'max-age=300',
21 silly get     'content-length': '417',
21 silly get     'accept-ranges': 'bytes',
21 silly get     date: 'Fri, 22 Sep 2017 18:22:57 GMT',
21 silly get     via: '1.1 varnish',
21 silly get     age: '0',
21 silly get     connection: 'keep-alive',
21 silly get     'x-served-by': 'cache-mdw17334-MDW',
21 silly get     'x-cache': 'MISS',
21 silly get     'x-cache-hits': '0',
21 silly get     'x-timer': 'S1506104578.524852,VS0,VE45',
21 silly get     vary: 'Accept-Encoding, Accept' } ]
22 verbose get saving postgres to /Users/bennjaminmyers/.npm/registry.npmjs.org/postgres/.cache.json
23 verbose correctMkdir /Users/bennjaminmyers/.npm correctMkdir not in flight; initializing
24 silly install normalizeTree
25 silly loadCurrentTree Finishing
26 silly loadIdealTree Starting
27 silly install loadIdealTree
28 silly cloneCurrentTree Starting
29 silly install cloneCurrentTreeToIdealTree
30 silly cloneCurrentTree Finishing
31 silly loadShrinkwrap Starting
32 silly install loadShrinkwrap
33 silly loadShrinkwrap Finishing
34 silly loadAllDepsIntoIdealTree Starting
35 silly install loadAllDepsIntoIdealTree
36 silly resolveWithNewModule postgres@0.0.1 checking installable status
37 silly cache add args [ 'postgres', null ]
38 verbose cache add spec postgres
39 silly cache add parsed spec Result {
39 silly cache add   raw: 'postgres',
39 silly cache add   scope: null,
39 silly cache add   escapedName: 'postgres',
39 silly cache add   name: 'postgres',
39 silly cache add   rawSpec: '',
39 silly cache add   spec: 'latest',
39 silly cache add   type: 'tag' }
40 silly addNamed postgres@latest
41 verbose addNamed "latest" is being treated as a dist-tag for postgres
42 info addNameTag [ 'postgres', 'latest' ]
43 silly mapToRegistry name postgres
44 silly mapToRegistry using default registry
45 silly mapToRegistry registry https://registry.npmjs.org/
46 silly mapToRegistry data Result {
46 silly mapToRegistry   raw: 'postgres',
46 silly mapToRegistry   scope: null,
46 silly mapToRegistry   escapedName: 'postgres',
46 silly mapToRegistry   name: 'postgres',
46 silly mapToRegistry   rawSpec: '',
46 silly mapToRegistry   spec: 'latest',
46 silly mapToRegistry   type: 'tag' }
47 silly mapToRegistry uri https://registry.npmjs.org/postgres
48 verbose addNameTag registry:https://registry.npmjs.org/postgres not in flight; fetching
49 verbose get https://registry.npmjs.org/postgres not expired, no request
50 silly addNameTag next cb for postgres with tag latest
51 silly addNamed postgres@0.0.1
52 verbose addNamed "0.0.1" is a plain semver version for postgres
53 silly mapToRegistry name postgres
54 silly mapToRegistry using default registry
55 silly mapToRegistry registry https://registry.npmjs.org/
56 silly mapToRegistry data Result {
56 silly mapToRegistry   raw: 'postgres',
56 silly mapToRegistry   scope: null,
56 silly mapToRegistry   escapedName: 'postgres',
56 silly mapToRegistry   name: 'postgres',
56 silly mapToRegistry   rawSpec: '',
56 silly mapToRegistry   spec: 'latest',
56 silly mapToRegistry   type: 'tag' }
57 silly mapToRegistry uri https://registry.npmjs.org/postgres
58 verbose addRemoteTarball https://registry.npmjs.org/postgres/-/postgres-0.0.1.tgz not in flight; adding
59 verbose addRemoteTarball [ 'https://registry.npmjs.org/postgres/-/postgres-0.0.1.tgz',
59 verbose addRemoteTarball   '93aecd0a7fcf620792bcc2c87a2ead432adaa833' ]
60 info retry fetch attempt 1 at 1:22:57 PM
61 info attempt registry request try #1 at 1:22:57 PM
62 http fetch GET https://registry.npmjs.org/postgres/-/postgres-0.0.1.tgz
63 http fetch 200 https://registry.npmjs.org/postgres/-/postgres-0.0.1.tgz
64 silly fetchAndShaCheck shasum 93aecd0a7fcf620792bcc2c87a2ead432adaa833
65 verbose addTmpTarball /var/folders/9p/b6dsy8m92tn0hp4kd4vm8qfh0000gn/T/npm-29961-73f86a2b/registry.npmjs.org/postgres/-/postgres-0.0.1.tgz not in flight; adding
66 verbose addTmpTarball already have metadata; skipping unpack for postgres@0.0.1
67 verbose correctMkdir /Users/bennjaminmyers/.npm correctMkdir not in flight; initializing
68 silly cache afterAdd postgres@0.0.1
69 verbose afterAdd /Users/bennjaminmyers/.npm/postgres/0.0.1/package/package.json not in flight; writing
70 verbose correctMkdir /Users/bennjaminmyers/.npm correctMkdir not in flight; initializing
71 verbose afterAdd /Users/bennjaminmyers/.npm/postgres/0.0.1/package/package.json written
72 silly loadAllDepsIntoIdealTree Finishing
73 silly loadIdealTree Finishing
74 silly currentTree server
74 silly currentTree ├── accepts@1.3.4
74 silly currentTree ├── array-flatten@1.1.1
74 silly currentTree ├── bluebird@3.5.0
74 silly currentTree ├── buffer-writer@1.0.1
74 silly currentTree ├── content-disposition@0.5.2
74 silly currentTree ├── content-type@1.0.4
74 silly currentTree ├── cookie-signature@1.0.6
74 silly currentTree ├── cookie@0.3.1
74 silly currentTree ├── cors@2.8.4
74 silly currentTree ├── debug@2.6.8
74 silly currentTree ├── depd@1.1.1
74 silly currentTree ├── destroy@1.0.4
74 silly currentTree ├── ee-first@1.1.1
74 silly currentTree ├── encodeurl@1.0.1
74 silly currentTree ├── escape-html@1.0.3
74 silly currentTree ├── etag@1.8.1
74 silly currentTree ├── express@4.15.4
74 silly currentTree ├── finalhandler@1.0.5
74 silly currentTree ├── forwarded@0.1.2
74 silly currentTree ├── fresh@0.5.0
74 silly currentTree ├── http-errors@1.6.2
74 silly currentTree ├── inherits@2.0.3
74 silly currentTree ├── ipaddr.js@1.4.0
74 silly currentTree ├── js-string-escape@1.0.1
74 silly currentTree ├── manakin@0.5.1
74 silly currentTree ├── media-typer@0.3.0
74 silly currentTree ├── merge-descriptors@1.0.1
74 silly currentTree ├── methods@1.1.2
74 silly currentTree ├── mime-db@1.30.0
74 silly currentTree ├── mime-types@2.1.17
74 silly currentTree ├── mime@1.3.4
74 silly currentTree ├── ms@2.0.0
74 silly currentTree ├── negotiator@0.6.1
74 silly currentTree ├── object-assign@4.1.1
74 silly currentTree ├── on-finished@2.3.0
74 silly currentTree ├── packet-reader@0.3.1
74 silly currentTree ├── parseurl@1.3.2
74 silly currentTree ├── path-to-regexp@0.1.7
74 silly currentTree ├── pg-connection-string@0.1.3
74 silly currentTree ├── pg-minify@0.5.3
74 silly currentTree ├── pg-pool@2.0.3
74 silly currentTree ├── pg-promise@6.9.0
74 silly currentTree ├── pg-types@1.12.1
74 silly currentTree ├── pg@7.3.0
74 silly currentTree ├── pgpass@1.0.2
74 silly currentTree ├── postgres-array@1.0.2
74 silly currentTree ├── postgres-bytea@1.0.0
74 silly currentTree ├── postgres-date@1.0.3
74 silly currentTree ├── postgres-interval@1.1.1
74 silly currentTree ├── proxy-addr@1.1.5
74 silly currentTree ├── qs@6.5.0
74 silly currentTree ├── range-parser@1.2.0
74 silly currentTree ├── semver@4.3.2
74 silly currentTree ├── send@0.15.4
74 silly currentTree ├── serve-static@1.12.4
74 silly currentTree ├── setprototypeof@1.0.3
74 silly currentTree ├── spex@2.0.0
74 silly currentTree ├── split@1.0.1
74 silly currentTree ├── statuses@1.3.1
74 silly currentTree ├── through@2.3.8
74 silly currentTree ├── type-is@1.6.15
74 silly currentTree ├── unpipe@1.0.0
74 silly currentTree ├── utils-merge@1.0.0
74 silly currentTree ├── vary@1.1.1
74 silly currentTree └── xtend@4.0.1
75 silly idealTree server
75 silly idealTree ├── accepts@1.3.4
75 silly idealTree ├── array-flatten@1.1.1
75 silly idealTree ├── bluebird@3.5.0
75 silly idealTree ├── buffer-writer@1.0.1
75 silly idealTree ├── content-disposition@0.5.2
75 silly idealTree ├── content-type@1.0.4
75 silly idealTree ├── cookie-signature@1.0.6
75 silly idealTree ├── cookie@0.3.1
75 silly idealTree ├── cors@2.8.4
75 silly idealTree ├── debug@2.6.8
75 silly idealTree ├── depd@1.1.1
75 silly idealTree ├── destroy@1.0.4
75 silly idealTree ├── ee-first@1.1.1
75 silly idealTree ├── encodeurl@1.0.1
75 silly idealTree ├── escape-html@1.0.3
75 silly idealTree ├── etag@1.8.1
75 silly idealTree ├── express@4.15.4
75 silly idealTree ├── finalhandler@1.0.5
75 silly idealTree ├── forwarded@0.1.2
75 silly idealTree ├── fresh@0.5.0
75 silly idealTree ├── http-errors@1.6.2
75 silly idealTree ├── inherits@2.0.3
75 silly idealTree ├── ipaddr.js@1.4.0
75 silly idealTree ├── js-string-escape@1.0.1
75 silly idealTree ├── manakin@0.5.1
75 silly idealTree ├── media-typer@0.3.0
75 silly idealTree ├── merge-descriptors@1.0.1
75 silly idealTree ├── methods@1.1.2
75 silly idealTree ├── mime-db@1.30.0
75 silly idealTree ├── mime-types@2.1.17
75 silly idealTree ├── mime@1.3.4
75 silly idealTree ├── ms@2.0.0
75 silly idealTree ├── negotiator@0.6.1
75 silly idealTree ├── object-assign@4.1.1
75 silly idealTree ├── on-finished@2.3.0
75 silly idealTree ├── packet-reader@0.3.1
75 silly idealTree ├── parseurl@1.3.2
75 silly idealTree ├── path-to-regexp@0.1.7
75 silly idealTree ├── pg-connection-string@0.1.3
75 silly idealTree ├── pg-minify@0.5.3
75 silly idealTree ├── pg-pool@2.0.3
75 silly idealTree ├── pg-promise@6.9.0
75 silly idealTree ├── pg-types@1.12.1
75 silly idealTree ├── pg@7.3.0
75 silly idealTree ├── pgpass@1.0.2
75 silly idealTree ├── postgres-array@1.0.2
75 silly idealTree ├── postgres-bytea@1.0.0
75 silly idealTree ├── postgres-date@1.0.3
75 silly idealTree ├── postgres-interval@1.1.1
75 silly idealTree ├── postgres@0.0.1
75 silly idealTree ├── proxy-addr@1.1.5
75 silly idealTree ├── qs@6.5.0
75 silly idealTree ├── range-parser@1.2.0
75 silly idealTree ├── semver@4.3.2
75 silly idealTree ├── send@0.15.4
75 silly idealTree ├── serve-static@1.12.4
75 silly idealTree ├── setprototypeof@1.0.3
75 silly idealTree ├── spex@2.0.0
75 silly idealTree ├── split@1.0.1
75 silly idealTree ├── statuses@1.3.1
75 silly idealTree ├── through@2.3.8
75 silly idealTree ├── type-is@1.6.15
75 silly idealTree ├── unpipe@1.0.0
75 silly idealTree ├── utils-merge@1.0.0
75 silly idealTree ├── vary@1.1.1
75 silly idealTree └── xtend@4.0.1
76 silly generateActionsToTake Starting
77 silly install generateActionsToTake
78 silly generateActionsToTake Finishing
79 silly diffTrees action count 1
80 silly diffTrees add postgres@0.0.1
81 silly decomposeActions action count 8
82 silly decomposeActions fetch postgres@0.0.1
83 silly decomposeActions extract postgres@0.0.1
84 silly decomposeActions test postgres@0.0.1
85 silly decomposeActions preinstall postgres@0.0.1
86 silly decomposeActions build postgres@0.0.1
87 silly decomposeActions install postgres@0.0.1
88 silly decomposeActions postinstall postgres@0.0.1
89 silly decomposeActions finalize postgres@0.0.1
90 silly runTopLevelLifecycles Starting
91 silly executeActions Starting
92 silly install executeActions
93 silly doSerial global-install 0
94 silly doParallel fetch 1
95 verbose correctMkdir /Users/bennjaminmyers/.npm/_locks correctMkdir not in flight; initializing
96 verbose lock using /Users/bennjaminmyers/.npm/_locks/staging-ebc2316209499b29.lock for /Users/bennjaminmyers/codingChallenges/nousot/server/node_modules/.staging
97 silly doParallel extract 1
98 silly extract postgres@0.0.1
99 verbose unbuild node_modules/.staging/postgres-353893de
100 silly gentlyRm /Users/bennjaminmyers/codingChallenges/nousot/server/node_modules/.staging/postgres-353893de is being purged from base /Users/bennjaminmyers/codingChallenges/nousot/server
101 verbose gentlyRm don't care about contents; nuking /Users/bennjaminmyers/codingChallenges/nousot/server/node_modules/.staging/postgres-353893de
102 verbose tar unpack /Users/bennjaminmyers/.npm/postgres/0.0.1/package.tgz
103 verbose tar unpacking to /Users/bennjaminmyers/codingChallenges/nousot/server/node_modules/.staging/postgres-353893de
104 silly gentlyRm /Users/bennjaminmyers/codingChallenges/nousot/server/node_modules/.staging/postgres-353893de is being purged
105 verbose gentlyRm don't care about contents; nuking /Users/bennjaminmyers/codingChallenges/nousot/server/node_modules/.staging/postgres-353893de
106 silly gunzTarPerm modes [ '755', '644' ]
107 silly gunzTarPerm extractEntry
108 silly gunzTarPerm extractEntry .gitignore
109 silly gunzTarPerm extractEntry ._.npmignore
110 silly gunzTarPerm extractEntry .npmignore
111 silly gunzTarPerm extractEntry binding.cc
112 silly gunzTarPerm extractEntry LICENSE-MIT
113 silly gunzTarPerm extractEntry ._package.json
114 silly gunzTarPerm extractEntry package.json
115 silly gunzTarPerm extractEntry postgres.js
116 silly gunzTarPerm extractEntry README
117 silly gunzTarPerm extractEntry test.js
118 silly gunzTarPerm extractEntry type-oids.h
119 silly gunzTarPerm extractEntry wscript
120 silly gentlyRm /Users/bennjaminmyers/codingChallenges/nousot/server/node_modules/.staging/postgres-353893de/node_modules is being purged
121 verbose gentlyRm don't care about contents; nuking /Users/bennjaminmyers/codingChallenges/nousot/server/node_modules/.staging/postgres-353893de/node_modules
122 silly doParallel preinstall 1
123 silly preinstall postgres@0.0.1 /Users/bennjaminmyers/codingChallenges/nousot/server/node_modules/.staging/postgres-353893de
124 info lifecycle postgres@0.0.1~preinstall: postgres@0.0.1
125 silly lifecycle postgres@0.0.1~preinstall: no script for preinstall, continuing
126 silly doReverseSerial remove 0
127 silly doSerial move 0
128 silly doSerial finalize 1
129 silly finalize /Users/bennjaminmyers/codingChallenges/nousot/server/node_modules/postgres
130 silly doSerial build 1
131 silly build postgres@0.0.1
132 info linkStuff postgres@0.0.1
133 silly linkStuff postgres@0.0.1 has /Users/bennjaminmyers/codingChallenges/nousot/server/node_modules as its parent node_modules
134 verbose linkBins postgres@0.0.1
135 verbose linkMans postgres@0.0.1
136 silly doSerial global-link 0
137 silly doParallel update-linked 0
138 silly doSerial install 1
139 silly install postgres@0.0.1 /Users/bennjaminmyers/codingChallenges/nousot/server/node_modules/.staging/postgres-353893de
140 info lifecycle postgres@0.0.1~install: postgres@0.0.1
141 verbose lifecycle postgres@0.0.1~install: unsafe-perm in lifecycle true
142 verbose lifecycle postgres@0.0.1~install: PATH: /Users/bennjaminmyers/.nvm/versions/node/v6.11.0/lib/node_modules/npm/bin/node-gyp-bin:/Users/bennjaminmyers/codingChallenges/nousot/server/node_modules/postgres/node_modules/.bin:/Users/bennjaminmyers/codingChallenges/nousot/server/node_modules/.bin:/Library/Frameworks/Python.framework/Versions/3.6/bin:/Users/bennjaminmyers/.rvm/gems/ruby-2.4.1/bin:/Users/bennjaminmyers/.rvm/gems/ruby-2.4.1@global/bin:/Users/bennjaminmyers/.rvm/rubies/ruby-2.4.1/bin:/Users/bennjaminmyers/.nvm/versions/node/v6.11.0/bin:/usr/local/bin:/usr/bin:/bin:/usr/sbin:/sbin:/Users/bennjaminmyers/.rvm/bin
143 verbose lifecycle postgres@0.0.1~install: CWD: /Users/bennjaminmyers/codingChallenges/nousot/server/node_modules/postgres
144 silly lifecycle postgres@0.0.1~install: Args: [ '-c', 'node-waf configure build' ]
145 info lifecycle postgres@0.0.1~install: Failed to exec install script
146 verbose unlock done using /Users/bennjaminmyers/.npm/_locks/staging-ebc2316209499b29.lock for /Users/bennjaminmyers/codingChallenges/nousot/server/node_modules/.staging
147 silly rollbackFailedOptional Starting
148 silly rollbackFailedOptional Finishing
149 silly runTopLevelLifecycles Finishing
150 silly install printInstalled
151 warn enoent ENOENT: no such file or directory, open '/Users/bennjaminmyers/codingChallenges/nousot/server/package.json'
152 verbose enoent ENOENT: no such file or directory, open '/Users/bennjaminmyers/codingChallenges/nousot/server/package.json'
152 verbose enoent This is most likely not a problem with npm itself
152 verbose enoent and is related to npm not being able to find a file.
153 warn server No description
154 verbose If you need help, you may report this error at:
154 verbose     <https://github.com/npm/npm/issues>
155 warn server No repository field.
156 verbose If you need help, you may report this error at:
156 verbose     <https://github.com/npm/npm/issues>
157 warn server No README data
158 verbose If you need help, you may report this error at:
158 verbose     <https://github.com/npm/npm/issues>
159 warn server No license field.
160 verbose If you need help, you may report this error at:
160 verbose     <https://github.com/npm/npm/issues>
161 verbose stack Error: postgres@0.0.1 install: `node-waf configure build`
161 verbose stack spawn ENOENT
161 verbose stack     at ChildProcess.<anonymous> (/Users/bennjaminmyers/.nvm/versions/node/v6.11.0/lib/node_modules/npm/lib/utils/spawn.js:33:16)
161 verbose stack     at emitTwo (events.js:106:13)
161 verbose stack     at ChildProcess.emit (events.js:191:7)
161 verbose stack     at maybeClose (internal/child_process.js:891:16)
161 verbose stack     at Process.ChildProcess._handle.onexit (internal/child_process.js:226:5)
162 verbose pkgid postgres@0.0.1
163 verbose cwd /Users/bennjaminmyers/codingChallenges/nousot/server
164 error Darwin 16.6.0
165 error argv "/Users/bennjaminmyers/.nvm/versions/node/v6.11.0/bin/node" "/Users/bennjaminmyers/.nvm/versions/node/v6.11.0/bin/npm" "install" "postgres" "--save"
166 error node v6.11.0
167 error npm  v3.10.10
168 error file sh
169 error code ELIFECYCLE
170 error errno ENOENT
171 error syscall spawn
172 error postgres@0.0.1 install: `node-waf configure build`
172 error spawn ENOENT
173 error Failed at the postgres@0.0.1 install script 'node-waf configure build'.
173 error Make sure you have the latest version of node.js and npm installed.
173 error If you do, this is most likely a problem with the postgres package,
173 error not with npm itself.
173 error Tell the author that this fails on your system:
173 error     node-waf configure build
173 error You can get information on how to open an issue for this project with:
173 error     npm bugs postgres
173 error Or if that isn't available, you can get their info via:
173 error     npm owner ls postgres
173 error There is likely additional logging output above.
174 verbose exit [ 1, true ]
